2022-11-01 15:47:53.374  INFO 19168 --- [main] c.e.EmployeeManagementApplication        : Starting EmployeeManagementApplication on DESKTOP-VI4M4TI with PID 19168 (D:\Fintech-Projects\Backend\employeeManagement(Assessment3)\target\classes started by offic in D:\Fintech-Projects\Backend\employeeManagement(Assessment3))
2022-11-01 15:47:53.378  INFO 19168 --- [main] c.e.EmployeeManagementApplication        : No active profile set, falling back to default profiles: default
2022-11-01 15:47:54.706  INFO 19168 --- [main] o.s.b.w.embedded.tomcat.TomcatWebServer  : Tomcat initialized with port(s): 9898 (http)
2022-11-01 15:47:54.720  INFO 19168 --- [main] o.apache.catalina.core.StandardService   : Starting service [Tomcat]
2022-11-01 15:47:54.721  INFO 19168 --- [main] org.apache.catalina.core.StandardEngine  : Starting Servlet engine: [Apache Tomcat/9.0.33]
2022-11-01 15:47:54.810  INFO 19168 --- [main] o.a.c.c.C.[Tomcat].[localhost].[/]       : Initializing Spring embedded WebApplicationContext
2022-11-01 15:47:54.810  INFO 19168 --- [main] o.s.web.context.ContextLoader            : Root WebApplicationContext: initialization completed in 1335 ms
2022-11-01 15:47:55.027  INFO 19168 --- [main] o.s.s.concurrent.ThreadPoolTaskExecutor  : Initializing ExecutorService 'applicationTaskExecutor'
2022-11-01 15:47:55.217  INFO 19168 --- [main] o.s.b.w.embedded.tomcat.TomcatWebServer  : Tomcat started on port(s): 9898 (http) with context path ''
2022-11-01 15:47:55.221  INFO 19168 --- [main] c.e.EmployeeManagementApplication        : Started EmployeeManagementApplication in 2.528 seconds (JVM running for 3.12)
2022-11-01 15:48:12.355  INFO 19168 --- [http-nio-9898-exec-1] o.a.c.c.C.[Tomcat].[localhost].[/]       : Initializing Spring DispatcherServlet 'dispatcherServlet'
2022-11-01 15:48:12.355  INFO 19168 --- [http-nio-9898-exec-1] o.s.web.servlet.DispatcherServlet        : Initializing Servlet 'dispatcherServlet'
2022-11-01 15:48:12.362  INFO 19168 --- [http-nio-9898-exec-1] o.s.web.servlet.DispatcherServlet        : Completed initialization in 7 ms
2022-11-01 15:48:12.406  INFO 19168 --- [http-nio-9898-exec-1] c.e.EmployeeManagementApplication        : Employee found : Employee(id=1, name=Mohit, age=21, department=Developer)
2022-11-01 15:48:14.873  INFO 19168 --- [http-nio-9898-exec-2] c.e.EmployeeManagementApplication        : Employee found : Employee(id=2, name=Aakash, age=23, department=UI)
2022-11-01 16:18:21.154  INFO 21956 --- [main] c.e.EmployeeManagementApplicationTests   : Starting EmployeeManagementApplicationTests on DESKTOP-VI4M4TI with PID 21956 (started by offic in D:\Fintech-Projects\Backend\employeeManagement(Assessment3))
2022-11-01 16:18:21.157  INFO 21956 --- [main] c.e.EmployeeManagementApplicationTests   : No active profile set, falling back to default profiles: default
2022-11-01 16:18:22.596  INFO 21956 --- [main] o.s.s.concurrent.ThreadPoolTaskExecutor  : Initializing ExecutorService 'applicationTaskExecutor'
2022-11-01 16:18:22.843  INFO 21956 --- [main] c.e.EmployeeManagementApplicationTests   : Started EmployeeManagementApplicationTests in 2.203 seconds (JVM running for 3.422)
2022-11-01 16:18:23.301  INFO 21956 --- [SpringContextShutdownHook] o.s.s.concurrent.ThreadPoolTaskExecutor  : Shutting down ExecutorService 'applicationTaskExecutor'
2022-11-01 16:27:52.527  INFO 19168 --- [http-nio-9898-exec-5] c.e.EmployeeManagementApplication        : Employee found : Employee(id=3, name=Ashish, age=22, department=UX)
2022-11-01 16:28:20.681  INFO 20644 --- [main] c.e.EmployeeManagementApplication        : Starting EmployeeManagementApplication on DESKTOP-VI4M4TI with PID 20644 (D:\Fintech-Projects\Backend\employeeManagement(Assessment3)\target\classes started by offic in D:\Fintech-Projects\Backend\employeeManagement(Assessment3))
2022-11-01 16:28:20.684  INFO 20644 --- [main] c.e.EmployeeManagementApplication        : No active profile set, falling back to default profiles: default
2022-11-01 16:28:21.988  INFO 20644 --- [main] o.s.b.w.embedded.tomcat.TomcatWebServer  : Tomcat initialized with port(s): 9898 (http)
2022-11-01 16:28:21.999  INFO 20644 --- [main] o.apache.catalina.core.StandardService   : Starting service [Tomcat]
2022-11-01 16:28:22.000  INFO 20644 --- [main] org.apache.catalina.core.StandardEngine  : Starting Servlet engine: [Apache Tomcat/9.0.33]
2022-11-01 16:28:22.096  INFO 20644 --- [main] o.a.c.c.C.[Tomcat].[localhost].[/]       : Initializing Spring embedded WebApplicationContext
2022-11-01 16:28:22.097  INFO 20644 --- [main] o.s.web.context.ContextLoader            : Root WebApplicationContext: initialization completed in 1330 ms
2022-11-01 16:28:22.303  INFO 20644 --- [main] o.s.s.concurrent.ThreadPoolTaskExecutor  : Initializing ExecutorService 'applicationTaskExecutor'
2022-11-01 16:28:22.495  INFO 20644 --- [main] o.apache.catalina.core.StandardService   : Stopping service [Tomcat]
2022-11-01 16:28:22.505  INFO 20644 --- [main] ConditionEvaluationReportLoggingListener : 

Error starting ApplicationContext. To display the conditions report re-run your application with 'debug' enabled.
2022-11-01 16:28:22.507 ERROR 20644 --- [main] o.s.b.d.LoggingFailureAnalysisReporter   : 

***************************
APPLICATION FAILED TO START
***************************

Description:

Web server failed to start. Port 9898 was already in use.

Action:

Identify and stop the process that's listening on port 9898 or configure this application to listen on another port.

2022-11-01 16:28:22.509  INFO 20644 --- [main] o.s.s.concurrent.ThreadPoolTaskExecutor  : Shutting down ExecutorService 'applicationTaskExecutor'
2022-11-01 16:46:23.522  INFO 19168 --- [http-nio-9898-exec-8] c.e.EmployeeManagementApplication        : Employee found : Employee(id=1, name=Mohit, age=21, department=Developer)
2022-11-01 17:34:20.326  INFO 19168 --- [SpringContextShutdownHook] o.s.s.concurrent.ThreadPoolTaskExecutor  : Shutting down ExecutorService 'applicationTaskExecutor'
